Build started 10/30/2013 3:39:49 PM.
     1>Project "C:\Projects\SDFdaily\SDFDaily.vcxproj" on node 2 (build target(s)).
     1>InitializeBuildStatus:
         Creating "Debug\SDFDaily.unsuccessfulbuild" because "AlwaysCreate" was specified.
       ClCompile:
         All outputs are up-to-date.
         c:\Program Files (x86)\Microsoft Visual Studio 10.0\VC\bin\CL.exe /c /I..\common /IC:\Projects\SDFDailyViewer /ZI /nologo /W3 /WX- /Od /Oy- /D WIN32 /D _DEBUG /D _CONSOLE /D _VC80_UPGRADE=0x0710 /D _MBCS /D _AFXDLL /Gm /EHsc /RTC1 /MDd /GS /fp:precise /Zc:wchar_t /Zc:forScope /Yu"StdAfx.h" /Fp"Debug\run_idsawas.pch" /Fo"Debug\\" /Fd"Debug\vc100.pdb" /Gd /TP /analyze- /errorReport:prompt SDFdata.cpp
         SDFdata.cpp
     1>c:\projects\sdfdaily\sdfdata.cpp(207): warning C4018: '<' : signed/unsigned mismatch
     1>c:\projects\sdfdaily\sdfdata.cpp(219): warning C4018: '<' : signed/unsigned mismatch
     1>c:\projects\sdfdaily\sdfdata.cpp(278): warning C4800: 'int' : forcing value to bool 'true' or 'false' (performance warning)
     1>c:\projects\sdfdaily\sdfdata.cpp(288): warning C4800: 'int' : forcing value to bool 'true' or 'false' (performance warning)
     1>c:\projects\sdfdaily\sdfdata.cpp(298): warning C4800: 'int' : forcing value to bool 'true' or 'false' (performance warning)
     1>c:\projects\sdfdaily\sdfdata.cpp(340): warning C4800: 'int' : forcing value to bool 'true' or 'false' (performance warning)
     1>c:\projects\sdfdaily\sdfdata.cpp(786): warning C4018: '<' : signed/unsigned mismatch
     1>c:\projects\sdfdaily\sdfdata.cpp(925): warning C4018: '<' : signed/unsigned mismatch
     1>c:\projects\sdfdaily\sdfdata.cpp(1162): warning C4018: '<' : signed/unsigned mismatch
     1>c:\projects\sdfdaily\sdfdata.cpp(994): warning C4101: 'histEndYear' : unreferenced local variable
     1>c:\projects\sdfdaily\sdfdata.cpp(1412): warning C4996: 'sscanf': This function or variable may be unsafe. Consider using sscanf_s instead. To disable deprecation, use _CRT_SECURE_NO_WARNINGS. See online help for details.
                 c:\program files (x86)\microsoft visual studio 10.0\vc\include\stdio.h(325) : see declaration of 'sscanf'
     1>c:\projects\sdfdaily\sdfdata.cpp(1445): warning C4996: 'sscanf': This function or variable may be unsafe. Consider using sscanf_s instead. To disable deprecation, use _CRT_SECURE_NO_WARNINGS. See online help for details.
                 c:\program files (x86)\microsoft visual studio 10.0\vc\include\stdio.h(325) : see declaration of 'sscanf'
     1>c:\projects\sdfdaily\sdfdata.cpp(1506): warning C4018: '<' : signed/unsigned mismatch
     1>c:\projects\sdfdaily\sdfdata.cpp(1524): warning C4996: 'sscanf': This function or variable may be unsafe. Consider using sscanf_s instead. To disable deprecation, use _CRT_SECURE_NO_WARNINGS. See online help for details.
                 c:\program files (x86)\microsoft visual studio 10.0\vc\include\stdio.h(325) : see declaration of 'sscanf'
     1>c:\projects\sdfdaily\sdfdata.cpp(1600): warning C4101: 'ex' : unreferenced local variable
     1>c:\projects\sdfdaily\sdfdata.cpp(2021): warning C4018: '<' : signed/unsigned mismatch
     1>c:\projects\sdfdaily\sdfdata.cpp(2092): warning C4018: '<' : signed/unsigned mismatch
     1>c:\projects\sdfdaily\sdfdata.cpp(2116): warning C4018: '<' : signed/unsigned mismatch
     1>c:\projects\sdfdaily\sdfdata.cpp(2119): warning C4018: '<' : signed/unsigned mismatch
     1>c:\projects\sdfdaily\sdfdata.cpp(2126): warning C4018: '<' : signed/unsigned mismatch
     1>c:\projects\sdfdaily\sdfdata.cpp(2147): warning C4018: '<' : signed/unsigned mismatch
     1>c:\projects\sdfdaily\sdfdata.cpp(2160): warning C4018: '<' : signed/unsigned mismatch
     1>c:\projects\sdfdaily\sdfdata.cpp(2173): warning C4018: '<' : signed/unsigned mismatch
     1>c:\projects\sdfdaily\sdfdata.cpp(2191): warning C4018: '<' : signed/unsigned mismatch
     1>c:\projects\sdfdaily\sdfdata.cpp(2312): warning C4018: '<' : signed/unsigned mismatch
     1>c:\projects\sdfdaily\sdfdata.cpp(2319): warning C4018: '<' : signed/unsigned mismatch
     1>c:\projects\sdfdaily\sdfdata.cpp(2326): warning C4018: '<' : signed/unsigned mismatch
     1>c:\projects\sdfdaily\sdfdata.cpp(2849): warning C4244: '=' : conversion from 'double' to 'float', possible loss of data
     1>c:\projects\sdfdaily\sdfdata.cpp(2850): warning C4244: '=' : conversion from 'double' to 'float', possible loss of data
     1>c:\projects\sdfdaily\sdfdata.cpp(2852): warning C4244: '+=' : conversion from 'double' to 'float', possible loss of data
     1>c:\projects\sdfdaily\sdfdata.cpp(2853): warning C4244: '+=' : conversion from 'double' to 'float', possible loss of data
     1>c:\projects\sdfdaily\sdfdata.cpp(2936): warning C4018: '<' : signed/unsigned mismatch
     1>c:\projects\sdfdaily\sdfdata.cpp(3134): warning C4018: '<' : signed/unsigned mismatch
     1>c:\projects\sdfdaily\sdfdata.cpp(3205): warning C4018: '<' : signed/unsigned mismatch
     1>c:\projects\sdfdaily\sdfdata.cpp(3387): warning C4018: '<' : signed/unsigned mismatch
     1>c:\projects\sdfdaily\sdfdata.cpp(3427): warning C4244: '+=' : conversion from 'double' to 'int', possible loss of data
     1>c:\projects\sdfdaily\sdfdata.cpp(3733): warning C4018: '<' : signed/unsigned mismatch
     1>c:\projects\sdfdaily\sdfdata.cpp(3827): warning C4244: 'initializing' : conversion from 'double' to 'int', possible loss of data
     1>c:\projects\sdfdaily\sdfdata.cpp(3840): warning C4244: 'initializing' : conversion from 'double' to 'int', possible loss of data
     1>c:\projects\sdfdaily\sdfdata.cpp(3855): warning C4244: 'initializing' : conversion from 'double' to 'int', possible loss of data
     1>c:\projects\sdfdaily\sdfdata.cpp(3861): warning C4244: 'initializing' : conversion from 'double' to 'int', possible loss of data
     1>c:\projects\sdfdaily\sdfdata.cpp(3958): warning C4244: 'initializing' : conversion from 'double' to 'int', possible loss of data
     1>c:\projects\sdfdaily\sdfdata.cpp(4013): warning C4244: 'initializing' : conversion from 'std::streamsize' to 'int', possible loss of data
     1>c:\projects\sdfdaily\sdfdata.cpp(4179): warning C4482: nonstandard extension used: enum 'SiteData::SiteTypeEnum' used in qualified name
       ResourceCompile:
         All outputs are up-to-date.
       ManifestResourceCompile:
         All outputs are up-to-date.
       Link:
         c:\Program Files (x86)\Microsoft Visual Studio 10.0\VC\bin\link.exe /ERRORREPORT:PROMPT /OUT:"Debug\run_idsawas.exe" /INCREMENTAL /NOLOGO /MANIFEST /ManifestFile:"Debug\run_idsawas.exe.intermediate.manifest" /MANIFESTUAC:"level='asInvoker' uiAccess='false'" /DEBUG /PDB:"Debug\SDFDaily.pdb" /SUBSYSTEM:CONSOLE /TLBID:1 /DYNAMICBASE:NO /IMPLIB:"Debug\run_idsawas.lib" /MACHINE:X86 Debug\SDFDaily.res
         Debug\run_idsawas.exe.embed.manifest.res
         Debug\CustOutputManager.obj
         Debug\DataClass.obj
         Debug\idstime.obj
         Debug\SDFDaily.obj
         Debug\SDFdata.obj
         Debug\stdafx.obj
         Debug\stl_utils.obj
         Debug\TextImportDlg.obj
         Debug\utils.obj
       Manifest:
         C:\Program Files (x86)\Microsoft SDKs\Windows\v7.0A\bin\mt.exe /nologo /verbose /out:"Debug\run_idsawas.exe.embed.manifest" /manifest Debug\run_idsawas.exe.intermediate.manifest "c:\Program Files (x86)\Microsoft Visual Studio 10.0\VC\Include\Manifest\dpiaware.manifest"
         All outputs are up-to-date.
       LinkEmbedManifest:
         All outputs are up-to-date.
         SDFDaily.vcxproj -> C:\Projects\SDFdaily\Debug\run_idsawas.exe
       FinalizeBuildStatus:
         Deleting file "Debug\SDFDaily.unsuccessfulbuild".
         Touching "Debug\SDFDaily.lastbuildstate".
     1>Done Building Project "C:\Projects\SDFdaily\SDFDaily.vcxproj" (build target(s)).

Build succeeded.

Time Elapsed 00:00:01.16
