C:\Projects\SDFdaily\Release\CustOutputManager.obj
C:\Projects\SDFdaily\Release\DataClass.obj
C:\Projects\SDFdaily\Release\idstime.obj
C:\Projects\SDFdaily\Release\run_idsawas.exe.intermediate.manifest
C:\Projects\SDFdaily\Release\run_idsawas.pch
C:\Projects\SDFdaily\Release\run_idsawas.pdb
C:\Projects\SDFdaily\Release\SDFDaily.obj
C:\Projects\SDFdaily\Release\SDFDaily.pdb
C:\Projects\SDFdaily\Release\SDFDaily.res
C:\Projects\SDFdaily\Release\SDFdata.obj
C:\Projects\SDFdaily\Release\stdafx.obj
C:\Projects\SDFdaily\Release\stl_utils.obj
C:\Projects\SDFdaily\Release\TextImportDlg.obj
C:\Projects\SDFdaily\Release\utils.obj
C:\Projects\SDFdaily\Release\vc60.idb
C:\Projects\SDFdaily\Release\vc70.idb
C:\Projects\SDFdaily\Release\vc70.pdb
C:\Projects\SDFdaily\Release\vc80.idb
C:\Projects\SDFdaily\Release\vc80.pdb
C:\Projects\SDFdaily\Release\vc90.idb
C:\Projects\SDFdaily\Release\vc90.pdb
Release\SDFDaily.pdb
